SF:lib\services\files.dart
DA:8,0
DA:10,0
DA:11,0
DA:15,5
DA:26,1
DA:28,2
DA:29,1
DA:30,2
DA:34,1
DA:35,2
DA:36,2
DA:39,1
DA:40,2
DA:41,1
DA:42,2
DA:43,2
DA:47,1
DA:48,3
DA:49,1
DA:50,1
DA:53,1
DA:58,3
DA:59,1
DA:62,1
DA:67,2
DA:68,1
DA:71,1
DA:72,2
DA:73,1
DA:76,1
DA:77,2
DA:78,2
DA:82,1
DA:83,2
DA:85,1
DA:86,2
DA:87,5
DA:88,5
LF:38
LH:35
end_of_record
SF:lib\services\youtube.dart
DA:11,1
DA:13,0
DA:14,0
DA:15,0
DA:16,0
DA:17,0
DA:19,1
DA:20,2
DA:23,1
DA:24,4
DA:28,0
DA:29,0
DA:36,1
DA:38,0
DA:39,4
DA:40,4
DA:41,4
DA:42,0
DA:44,0
DA:45,0
DA:49,2
DA:51,0
DA:55,2
DA:57,0
DA:58,0
DA:59,0
DA:60,0
DA:61,0
DA:65,2
DA:68,0
DA:69,0
DA:70,0
DA:71,0
DA:72,0
DA:73,0
DA:77,0
DA:79,0
DA:82,1
DA:84,0
DA:85,0
DA:88,0
DA:89,0
DA:92,1
DA:93,2
DA:97,0
DA:100,2
DA:102,0
DA:103,0
DA:108,2
DA:114,0
DA:117,2
DA:120,0
DA:121,0
DA:128,1
DA:130,4
DA:131,3
DA:132,3
DA:133,3
DA:134,3
DA:135,4
DA:136,3
DA:137,4
DA:138,3
DA:140,0
DA:141,0
DA:142,0
DA:143,0
DA:144,0
DA:145,0
DA:146,0
DA:147,0
DA:150,0
DA:151,0
DA:152,0
DA:153,0
DA:154,0
DA:155,0
DA:156,0
DA:157,0
DA:158,0
DA:159,0
DA:160,0
DA:164,0
DA:172,2
DA:175,1
DA:176,1
DA:177,7
DA:181,1
DA:182,1
DA:183,7
DA:187,1
DA:188,1
DA:189,7
DA:193,1
DA:194,1
DA:195,7
DA:203,1
DA:204,7
DA:207,1
DA:208,1
DA:209,6
DA:210,7
DA:211,1
DA:215,0
DA:216,0
LF:105
LH:48
end_of_record
SF:lib\util.dart
DA:1,0
DA:2,0
DA:9,0
DA:11,0
DA:13,0
DA:15,0
DA:18,0
DA:20,0
DA:25,0
DA:26,0
DA:30,1
DA:32,1
DA:34,2
DA:42,0
DA:45,0
DA:46,0
DA:48,0
DA:53,0
DA:54,0
DA:55,0
DA:56,0
DA:57,0
DA:58,0
DA:59,0
LF:24
LH:3
end_of_record
